# JRE version: Java(TM) SE Runtime Environment (20.0+36) (build 20+36-2344)
# Java VM: Java HotSpot(TM) 64-Bit Server VM (20+36-2344, mixed mode, sharing, tiered, compressed oops, compressed class ptrs, g1 gc, windows-amd64)
GC Precious Log:
 CardTable entry size: 512
 Card Set container configuration: InlinePtr #cards 5 size 8 Array Of Cards #cards 12 size 40 Howl #buckets 4 coarsen threshold 1843 Howl Bitmap #cards 512 size 80 coarsen threshold 460 Card regions per heap region 1 cards per card region 2048
 CPUs: 8 total, 8 available
 Memory: 6030M
 Large Page Support: Disabled
 NUMA Support: Disabled
 Compressed Oops: Enabled (32-bit)
 Heap Region Size: 1M
 Heap Min Capacity: 8M
 Heap Initial Capacity: 96M
 Heap Max Capacity: 1508M
 Pre-touch: Disabled
 Parallel Workers: 8
 Concurrent Workers: 2
 Concurrent Refinement Workers: 8
 Periodic GC: Disabled
Heap:
 garbage-first heap   total 120832K, used 92602K [0x00000000a1c00000, 0x0000000100000000)
  region size 1024K, 33 young (33792K), 3 survivors (3072K)
 Metaspace       used 40488K, committed 41152K, reserved 1114112K
  class space    used 4399K, committed 4672K, reserved 1048576K
GC Heap History (20 events):
Event: 12.471 GC heap before
{Heap before GC invocations=3 (full 0):
 garbage-first heap   total 98304K, used 62845K [0x00000000a1c00000, 0x0000000100000000)
  region size 1024K, 57 young (58368K), 8 survivors (8192K)
 Metaspace       used 14104K, committed 14400K, reserved 1114112K
  class space    used 1545K, committed 1664K, reserved 1048576K
}
Event: 12.525 GC heap after
{Heap after GC invocations=4 (full 0):
 garbage-first heap   total 98304K, used 18313K [0x00000000a1c00000, 0x0000000100000000)
  region size 1024K, 5 young (5120K), 5 survivors (5120K)
 Metaspace       used 14104K, committed 14400K, reserved 1114112K
  class space    used 1545K, committed 1664K, reserved 1048576K
}
Event: 18.274 GC heap before
{Heap before GC invocations=4 (full 0):
 garbage-first heap   total 98304K, used 71561K [0x00000000a1c00000, 0x0000000100000000)
  region size 1024K, 53 young (54272K), 5 survivors (5120K)
 Metaspace       used 21149K, committed 21504K, reserved 1114112K
  class space    used 2373K, committed 2560K, reserved 1048576K
}
Event: 18.312 GC heap after
{Heap after GC invocations=5 (full 0):
 garbage-first heap   total 98304K, used 28669K [0x00000000a1c00000, 0x0000000100000000)
  region size 1024K, 7 young (7168K), 7 survivors (7168K)
 Metaspace       used 21149K, committed 21504K, reserved 1114112K
  class space    used 2373K, committed 2560K, reserved 1048576K
}
Event: 24.581 GC heap before
{Heap before GC invocations=6 (full 0):
 garbage-first heap   total 98304K, used 78845K [0x00000000a1c00000, 0x0000000100000000)
  region size 1024K, 55 young (56320K), 7 survivors (7168K)
 Metaspace       used 24498K, committed 24896K, reserved 1114112K
  class space    used 2698K, committed 2880K, reserved 1048576K
}
Event: 24.648 GC heap after
{Heap after GC invocations=7 (full 0):
 garbage-first heap   total 99328K, used 40448K [0x00000000a1c00000, 0x0000000100000000)
  region size 1024K, 7 young (7168K), 7 survivors (7168K)
 Metaspace       used 24498K, committed 24896K, reserved 1114112K
  class space    used 2698K, committed 2880K, reserved 1048576K
}
Event: 30.991 GC heap before
{Heap before GC invocations=7 (full 0):
 garbage-first heap   total 99328K, used 77312K [0x00000000a1c00000, 0x0000000100000000)
  region size 1024K, 44 young (45056K), 7 survivors (7168K)
 Metaspace       used 26416K, committed 26816K, reserved 1114112K
  class space    used 2886K, committed 3072K, reserved 1048576K
}
Event: 31.034 GC heap after
{Heap after GC invocations=8 (full 0):
 garbage-first heap   total 119808K, used 43008K [0x00000000a1c00000, 0x0000000100000000)
  region size 1024K, 3 young (3072K), 3 survivors (3072K)
 Metaspace       used 26416K, committed 26816K, reserved 1114112K
  class space    used 2886K, committed 3072K, reserved 1048576K
}
Event: 33.867 GC heap before
{Heap before GC invocations=8 (full 0):
 garbage-first heap   total 119808K, used 95232K [0x00000000a1c00000, 0x0000000100000000)
  region size 1024K, 54 young (55296K), 3 survivors (3072K)
 Metaspace       used 27674K, committed 28224K, reserved 1114112K
  class space    used 3022K, committed 3264K, reserved 1048576K
}
Event: 33.895 GC heap after
{Heap after GC invocations=9 (full 0):
 garbage-first heap   total 119808K, used 44750K [0x00000000a1c00000, 0x0000000100000000)
  region size 1024K, 5 young (5120K), 5 survivors (5120K)
 Metaspace       used 27674K, committed 28224K, reserved 1114112K
  class space    used 3022K, committed 3264K, reserved 1048576K
}
Event: 36.444 GC heap before
{Heap before GC invocations=9 (full 0):
 garbage-first heap   total 119808K, used 99022K [0x00000000a1c00000, 0x0000000100000000)
  region size 1024K, 58 young (59392K), 5 survivors (5120K)
 Metaspace       used 29089K, committed 29696K, reserved 1114112K
  class space    used 3205K, committed 3456K, reserved 1048576K
}
Event: 36.476 GC heap after
{Heap after GC invocations=10 (full 0):
 garbage-first heap   total 119808K, used 46241K [0x00000000a1c00000, 0x0000000100000000)
  region size 1024K, 4 young (4096K), 4 survivors (4096K)
 Metaspace       used 29089K, committed 29696K, reserved 1114112K
  class space    used 3205K, committed 3456K, reserved 1048576K
}
Event: 41.819 GC heap before
{Heap before GC invocations=10 (full 0):
 garbage-first heap   total 119808K, used 104609K [0x00000000a1c00000, 0x0000000100000000)
  region size 1024K, 58 young (59392K), 4 survivors (4096K)
 Metaspace       used 30011K, committed 30656K, reserved 1114112K
  class space    used 3258K, committed 3584K, reserved 1048576K
}
Event: 41.874 GC heap after
{Heap after GC invocations=11 (full 0):
 garbage-first heap   total 120832K, used 60206K [0x00000000a1c00000, 0x0000000100000000)
  region size 1024K, 8 young (8192K), 8 survivors (8192K)
 Metaspace       used 30011K, committed 30656K, reserved 1114112K
  class space    used 3258K, committed 3584K, reserved 1048576K
}
Event: 48.585 GC heap before
{Heap before GC invocations=11 (full 0):
 garbage-first heap   total 120832K, used 100142K [0x00000000a1c00000, 0x0000000100000000)
  region size 1024K, 48 young (49152K), 8 survivors (8192K)
 Metaspace       used 31016K, committed 31744K, reserved 1114112K
  class space    used 3369K, committed 3712K, reserved 1048576K
}
Event: 48.645 GC heap after
{Heap after GC invocations=12 (full 0):
 garbage-first heap   total 120832K, used 67502K [0x00000000a1c00000, 0x0000000100000000)
  region size 1024K, 6 young (6144K), 6 survivors (6144K)
 Metaspace       used 31016K, committed 31744K, reserved 1114112K
  class space    used 3369K, committed 3712K, reserved 1048576K
}
Event: 58.003 GC heap before
{Heap before GC invocations=12 (full 0):
 garbage-first heap   total 120832K, used 95150K [0x00000000a1c00000, 0x0000000100000000)
  region size 1024K, 34 young (34816K), 6 survivors (6144K)
 Metaspace       used 35832K, committed 36480K, reserved 1114112K
  class space    used 3932K, committed 4224K, reserved 1048576K
}
Event: 58.126 GC heap after
{Heap after GC invocations=13 (full 0):
 garbage-first heap   total 120832K, used 67584K [0x00000000a1c00000, 0x0000000100000000)
  region size 1024K, 3 young (3072K), 3 survivors (3072K)
 Metaspace       used 35832K, committed 36480K, reserved 1114112K
  class space    used 3932K, committed 4224K, reserved 1048576K
}
Event: 67.240 GC heap before
{Heap before GC invocations=14 (full 0):
 garbage-first heap   total 120832K, used 97280K [0x00000000a1c00000, 0x0000000100000000)
  region size 1024K, 38 young (38912K), 3 survivors (3072K)
 Metaspace       used 37931K, committed 38592K, reserved 1114112K
  class space    used 4134K, committed 4480K, reserved 1048576K
}
Event: 67.295 GC heap after
{Heap after GC invocations=15 (full 0):
 garbage-first heap   total 120832K, used 63930K [0x00000000a1c00000, 0x0000000100000000)
  region size 1024K, 3 young (3072K), 3 survivors (3072K)
 Metaspace       used 37931K, committed 38592K, reserved 1114112K
  class space    used 4134K, committed 4480K, reserved 1048576K
}

