# JRE version: Java(TM) SE Runtime Environment (20.0+36) (build 20+36-2344)
# Java VM: Java HotSpot(TM) 64-Bit Server VM (20+36-2344, mixed mode, sharing, tiered, compressed oops, compressed class ptrs, g1 gc, windows-amd64)
GC Precious Log:
 CardTable entry size: 512
 Card Set container configuration: InlinePtr #cards 5 size 8 Array Of Cards #cards 12 size 40 Howl #buckets 4 coarsen threshold 1843 Howl Bitmap #cards 512 size 80 coarsen threshold 460 Card regions per heap region 1 cards per card region 2048
 CPUs: 8 total, 8 available
 Memory: 6030M
 Large Page Support: Disabled
 NUMA Support: Disabled
 Compressed Oops: Enabled (32-bit)
 Heap Region Size: 1M
 Heap Min Capacity: 8M
 Heap Initial Capacity: 96M
 Heap Max Capacity: 1508M
 Pre-touch: Disabled
 Parallel Workers: 8
 Concurrent Workers: 2
 Concurrent Refinement Workers: 8
 Periodic GC: Disabled
Heap:
 garbage-first heap   total 71680K, used 37701K [0x00000000a1c00000, 0x0000000100000000)
  region size 1024K, 18 young (18432K), 3 survivors (3072K)
 Metaspace       used 46897K, committed 47424K, reserved 1114112K
  class space    used 6226K, committed 6464K, reserved 1048576K
GC Heap History (16 events):
Event: 6.839 GC heap before
{Heap before GC invocations=0 (full 0):
 garbage-first heap   total 98304K, used 23552K [0x00000000a1c00000, 0x0000000100000000)
  region size 1024K, 23 young (23552K), 0 survivors (0K)
 Metaspace       used 5156K, committed 5248K, reserved 1114112K
  class space    used 585K, committed 640K, reserved 1048576K
}
Event: 6.872 GC heap after
{Heap after GC invocations=1 (full 0):
 garbage-first heap   total 98304K, used 8832K [0x00000000a1c00000, 0x0000000100000000)
  region size 1024K, 3 young (3072K), 3 survivors (3072K)
 Metaspace       used 5156K, committed 5248K, reserved 1114112K
  class space    used 585K, committed 640K, reserved 1048576K
}
Event: 11.363 GC heap before
{Heap before GC invocations=1 (full 0):
 garbage-first heap   total 98304K, used 33408K [0x00000000a1c00000, 0x0000000100000000)
  region size 1024K, 27 young (27648K), 3 survivors (3072K)
 Metaspace       used 11930K, committed 12288K, reserved 1114112K
  class space    used 1491K, committed 1664K, reserved 1048576K
}
Event: 11.383 GC heap after
{Heap after GC invocations=2 (full 0):
 garbage-first heap   total 98304K, used 10719K [0x00000000a1c00000, 0x0000000100000000)
  region size 1024K, 2 young (2048K), 2 survivors (2048K)
 Metaspace       used 11930K, committed 12288K, reserved 1114112K
  class space    used 1491K, committed 1664K, reserved 1048576K
}
Event: 14.857 GC heap before
{Heap before GC invocations=2 (full 0):
 garbage-first heap   total 98304K, used 56799K [0x00000000a1c00000, 0x0000000100000000)
  region size 1024K, 48 young (49152K), 2 survivors (2048K)
 Metaspace       used 21204K, committed 21504K, reserved 1114112K
  class space    used 2734K, committed 2880K, reserved 1048576K
}
Event: 14.875 GC heap after
{Heap after GC invocations=3 (full 0):
 garbage-first heap   total 98304K, used 14683K [0x00000000a1c00000, 0x0000000100000000)
  region size 1024K, 6 young (6144K), 6 survivors (6144K)
 Metaspace       used 21204K, committed 21504K, reserved 1114112K
  class space    used 2734K, committed 2880K, reserved 1048576K
}
Event: 16.558 GC heap before
{Heap before GC invocations=4 (full 0):
 garbage-first heap   total 58368K, used 43355K [0x00000000a1c00000, 0x0000000100000000)
  region size 1024K, 34 young (34816K), 6 survivors (6144K)
 Metaspace       used 25781K, committed 26112K, reserved 1114112K
  class space    used 3309K, committed 3456K, reserved 1048576K
}
Event: 16.577 GC heap after
{Heap after GC invocations=5 (full 0):
 garbage-first heap   total 58368K, used 16594K [0x00000000a1c00000, 0x0000000100000000)
  region size 1024K, 2 young (2048K), 2 survivors (2048K)
 Metaspace       used 25781K, committed 26112K, reserved 1114112K
  class space    used 3309K, committed 3456K, reserved 1048576K
}
Event: 19.697 GC heap before
{Heap before GC invocations=5 (full 0):
 garbage-first heap   total 58368K, used 43218K [0x00000000a1c00000, 0x0000000100000000)
  region size 1024K, 29 young (29696K), 2 survivors (2048K)
 Metaspace       used 30010K, committed 30400K, reserved 1114112K
  class space    used 3865K, committed 4032K, reserved 1048576K
}
Event: 19.733 GC heap after
{Heap after GC invocations=6 (full 0):
 garbage-first heap   total 58368K, used 19246K [0x00000000a1c00000, 0x0000000100000000)
  region size 1024K, 4 young (4096K), 4 survivors (4096K)
 Metaspace       used 30010K, committed 30400K, reserved 1114112K
  class space    used 3865K, committed 4032K, reserved 1048576K
}
Event: 22.645 GC heap before
{Heap before GC invocations=6 (full 0):
 garbage-first heap   total 58368K, used 45870K [0x00000000a1c00000, 0x0000000100000000)
  region size 1024K, 30 young (30720K), 4 survivors (4096K)
 Metaspace       used 34623K, committed 35136K, reserved 1114112K
  class space    used 4517K, committed 4736K, reserved 1048576K
}
Event: 22.677 GC heap after
{Heap after GC invocations=7 (full 0):
 garbage-first heap   total 58368K, used 22064K [0x00000000a1c00000, 0x0000000100000000)
  region size 1024K, 3 young (3072K), 3 survivors (3072K)
 Metaspace       used 34623K, committed 35136K, reserved 1114112K
  class space    used 4517K, committed 4736K, reserved 1048576K
}
Event: 23.648 GC heap before
{Heap before GC invocations=7 (full 0):
 garbage-first heap   total 58368K, used 25136K [0x00000000a1c00000, 0x0000000100000000)
  region size 1024K, 7 young (7168K), 3 survivors (3072K)
 Metaspace       used 35639K, committed 36096K, reserved 1114112K
  class space    used 4647K, committed 4864K, reserved 1048576K
}
Event: 23.663 GC heap after
{Heap after GC invocations=8 (full 0):
 garbage-first heap   total 58368K, used 22351K [0x00000000a1c00000, 0x0000000100000000)
  region size 1024K, 1 young (1024K), 1 survivors (1024K)
 Metaspace       used 35639K, committed 36096K, reserved 1114112K
  class space    used 4647K, committed 4864K, reserved 1048576K
}
Event: 27.090 GC heap before
{Heap before GC invocations=9 (full 0):
 garbage-first heap   total 58368K, used 46927K [0x00000000a1c00000, 0x0000000100000000)
  region size 1024K, 26 young (26624K), 1 survivors (1024K)
 Metaspace       used 42917K, committed 43456K, reserved 1114112K
  class space    used 5683K, committed 5952K, reserved 1048576K
}
Event: 27.101 GC heap after
{Heap after GC invocations=10 (full 0):
 garbage-first heap   total 71680K, used 24389K [0x00000000a1c00000, 0x0000000100000000)
  region size 1024K, 3 young (3072K), 3 survivors (3072K)
 Metaspace       used 42917K, committed 43456K, reserved 1114112K
  class space    used 5683K, committed 5952K, reserved 1048576K
}

